<?xml version="1.0" encoding="UTF-8"?>
<!-- Generated by org.testng.reporters.JUnitXMLReporter -->
<testsuite ignored="0" hostname="LAPTOP-T3SB9B3U" failures="2" tests="33" name="Test" time="208.575" errors="0" timestamp="2023-04-03T17:35:30 IST">
  <testcase classname="test.SLoginTest" name="verifyLoginTest" time="1.486"/>
  <testcase classname="test.SLoginTest" name="verifyTitleTest" time="0.065"/>
  <testcase classname="test.SLoginTest" name="verifyLoginLogoTest" time="0.115"/>
  <testcase classname="test.SLoginTest" name="verifyLoginUrlTest" time="0.073"/>
  <testcase classname="test.InventoryPageTest" name="verifyCartPageTest" time="0.405"/>
  <testcase classname="test.InventoryPageTest" name="verifyRemoveBtnTest" time="0.801"/>
  <testcase classname="test.InventoryPageTest" name="verifyProductTshirtTextTest" time="0.494"/>
  <testcase classname="test.InventoryPageTest" name="verifyImgTest" time="0.126"/>
  <testcase classname="test.InventoryPageTest" name="verifyAddTOCart" time="0.712"/>
  <testcase classname="test.InventoryPageTest" name="verifyProductTextTest" time="0.053"/>
  <testcase classname="test.InventoryPageTest" name="verifyProductLogoTest" time="0.201"/>
  <testcase classname="test.InventoryPageTest" name="verifySortListTest" time="0.207">
    <failure type="java.lang.AssertionError" message="expected [Name (A to Z)
Name (Z to A)
Price (low to high)
Price (high to low)] but found [Name (A to Z) Name (Z to A) Price (low to high) Price (high to low)]">
      <![CDATA[java.lang.AssertionError: expected [Name (A to Z)
Name (Z to A)
Price (low to high)
Price (high to low)] but found [Name (A to Z) Name (Z to A) Price (low to high) Price (high to low)]
at test.InventoryPageTest.verifySortListTest(InventoryPageTest.java:115)
at java.base/java.util.ArrayList.forEach(ArrayList.java:1511)
... Removed 33 stack frames]]>
    </failure>
  </testcase> <!-- verifySortListTest -->
  <testcase classname="test.InventoryPageTest" name="verifyTwitterElementTest" time="7.833"/>
  <testcase classname="test.CartPageTest" name="verifyCheckOutButton" time="0.117"/>
  <testcase classname="test.CartPageTest" name="verifyContinueShop" time="0.157"/>
  <testcase classname="test.CartPageTest" name="verifyMenuBarText" time="0.327"/>
  <testcase classname="test.CartPageTest" name="verifyRemoveOrderTest" time="10.048">
    <failure type="org.openqa.selenium.NoSuchElementException" message="no such element: Unable to locate element: {&amp;quot;method&amp;quot;:&amp;quot;xpath&amp;quot;,&amp;quot;selector&amp;quot;:&amp;quot;//button[@name=&amp;apos;remove-sauce-labs-bike-light&amp;apos;]&amp;quot;}
  (Session info: chrome=111.0.5563.147)
For documentation on this error, please visit: https://selenium.dev/exceptions/#no_such_element
Build info: version: &amp;apos;4.4.0&amp;apos;, revision: &amp;apos;e5c75ed026a&amp;apos;
System info: host: &amp;apos;LAPTOP-T3SB9B3U&amp;apos;, ip: &amp;apos;192.168.43.245&amp;apos;, os.name: &amp;apos;Windows 10&amp;apos;, os.arch: &amp;apos;amd64&amp;apos;, os.version: &amp;apos;10.0&amp;apos;, java.version: &amp;apos;16.0.2&amp;apos;
Driver info: org.openqa.selenium.chrome.ChromeDriver
Command: [db6967421a50f2926f69187ed135269c, findElement {using=xpath, value=//button[@name=&amp;apos;remove-sauce-labs-bike-light&amp;apos;]}]
Capabilities {acceptInsecureCerts: false, browserName: chrome, browserVersion: 111.0.5563.147, chrome: {chromedriverVersion: 111.0.5563.64 (c710e93d5b63..., userDataDir: C:\Users\khama\AppData\Loca...}, goog:chromeOptions: {debuggerAddress: localhost:62774}, networkConnectionEnabled: false, pageLoadStrategy: normal, platformName: WINDOWS, proxy: Proxy(), se:cdp: ws://localhost:62774/devtoo..., se:cdpVersion: 111.0.5563.147, setWindowRect: true, strictFileInteractability: false, timeouts: {implicit: 0, pageLoad: 300000, script: 30000}, unhandledPromptBehavior: dismiss and notify, webauthn:extension:credBlob: true, webauthn:extension:largeBlob: true, webauthn:extension:minPinLength: true, webauthn:extension:prf: true, webauthn:virtualAuthenticators: true}
Session ID: db6967421a50f2926f69187ed135269c">
      <![CDATA[org.openqa.selenium.NoSuchElementException: no such element: Unable to locate element: {"method":"xpath","selector":"//button[@name='remove-sauce-labs-bike-light']"}
  (Session info: chrome=111.0.5563.147)
For documentation on this error, please visit: https://selenium.dev/exceptions/#no_such_element
Build info: version: '4.4.0', revision: 'e5c75ed026a'
System info: host: 'LAPTOP-T3SB9B3U', ip: '192.168.43.245', os.name: 'Windows 10', os.arch: 'amd64', os.version: '10.0', java.version: '16.0.2'
Driver info: org.openqa.selenium.chrome.ChromeDriver
Command: [db6967421a50f2926f69187ed135269c, findElement {using=xpath, value=//button[@name='remove-sauce-labs-bike-light']}]
Capabilities {acceptInsecureCerts: false, browserName: chrome, browserVersion: 111.0.5563.147, chrome: {chromedriverVersion: 111.0.5563.64 (c710e93d5b63..., userDataDir: C:\Users\khama\AppData\Loca...}, goog:chromeOptions: {debuggerAddress: localhost:62774}, networkConnectionEnabled: false, pageLoadStrategy: normal, platformName: WINDOWS, proxy: Proxy(), se:cdp: ws://localhost:62774/devtoo..., se:cdpVersion: 111.0.5563.147, setWindowRect: true, strictFileInteractability: false, timeouts: {implicit: 0, pageLoad: 300000, script: 30000}, unhandledPromptBehavior: dismiss and notify, webauthn:extension:credBlob: true, webauthn:extension:largeBlob: true, webauthn:extension:minPinLength: true, webauthn:extension:prf: true, webauthn:virtualAuthenticators: true}
Session ID: db6967421a50f2926f69187ed135269c
at org.openqa.selenium.remote.codec.w3c.W3CHttpResponseCodec.createException(W3CHttpResponseCodec.java:200)
at org.openqa.selenium.remote.codec.w3c.W3CHttpResponseCodec.decode(W3CHttpResponseCodec.java:133)
at org.openqa.selenium.remote.codec.w3c.W3CHttpResponseCodec.decode(W3CHttpResponseCodec.java:53)
at org.openqa.selenium.remote.HttpCommandExecutor.execute(HttpCommandExecutor.java:184)
at org.openqa.selenium.remote.service.DriverCommandExecutor.invokeExecute(DriverCommandExecutor.java:167)
at org.openqa.selenium.remote.service.DriverCommandExecutor.execute(DriverCommandExecutor.java:142)
at org.openqa.selenium.remote.RemoteWebDriver.execute(RemoteWebDriver.java:547)
at org.openqa.selenium.remote.ElementLocation$ElementFinder$2.findElement(ElementLocation.java:162)
at org.openqa.selenium.remote.ElementLocation.findElement(ElementLocation.java:60)
at org.openqa.selenium.remote.RemoteWebDriver.findElement(RemoteWebDriver.java:365)
at org.openqa.selenium.remote.RemoteWebDriver.findElement(RemoteWebDriver.java:357)
at org.openqa.selenium.support.pagefactory.DefaultElementLocator.findElement(DefaultElementLocator.java:70)
at org.openqa.selenium.support.pagefactory.internal.LocatingElementHandler.invoke(LocatingElementHandler.java:39)
at jdk.proxy2/jdk.proxy2.$Proxy16.click(Unknown Source)
at pom.CartPage.verifyRemoveOrderElement(CartPage.java:40)
at test.CartPageTest.verifyRemoveOrderTest(CartPageTest.java:67)
at java.base/java.util.ArrayList.forEach(ArrayList.java:1511)
... Removed 32 stack frames]]>
    </failure>
  </testcase> <!-- verifyRemoveOrderTest -->
  <testcase classname="test.CartPageTest" name="verifyCartTitkeTest" time="0.039"/>
  <testcase classname="test.CheckOutCartTest" name="verifyCheckoutTitleText" time="0.026"/>
  <testcase classname="test.CheckOutCartTest" name="verifyInformation" time="0.385"/>
  <testcase classname="test.CheckOutCartTest" name="verifyCancelBtn" time="0.096"/>
  <testcase classname="test.CheckOutOverviewTest" name="verifyOverviewTitleTest" time="0.028"/>
  <testcase classname="test.CheckOutOverviewTest" name="verifyPaymentInfoTest" time="0.031"/>
  <testcase classname="test.CheckOutOverviewTest" name="verifyShipInfoTest" time="0.029"/>
  <testcase classname="test.CheckOutOverviewTest" name="verifyPriceTest" time="0.033"/>
  <testcase classname="test.CheckOutOverviewTest" name="verifytotalPaymentinfoTest" time="0.03"/>
  <testcase classname="test.CheckOutOverviewTest" name="verifyCancelBtnTest" time="0.158"/>
  <testcase classname="test.CheckOutOverviewTest" name="verifyFinishBtnTest" time="0.154"/>
  <testcase classname="test.CheckOutCompleteTest" name="verifyTitleTest" time="0.032"/>
  <testcase classname="test.CheckOutCompleteTest" name="verifyHeaderTest" time="0.038"/>
  <testcase classname="test.CheckOutCompleteTest" name="verifyLogoTest" time="0.044"/>
  <testcase classname="test.CheckOutCompleteTest" name="verifyTextTest" time="0.044"/>
  <testcase classname="test.CheckOutCompleteTest" name="verifyBackBtn" time="0.134"/>
</testsuite> <!-- Test -->
