<?xml version="1.0" encoding="UTF-8"?>
<!-- Generated by org.testng.reporters.JUnitReportReporter -->
<testsuite hostname="LAPTOP-T3SB9B3U" failures="1" tests="9" name="test.InventoryPageTest" time="42.518" errors="0" timestamp="2023-04-03T17:35:31 IST" skipped="0">
  <testcase classname="test.InventoryPageTest" name="verifyCartPageTest" time="4.282"/>
  <system-out>
    <![CDATA[The Cart Page Url is : https://www.saucedemo.com/cart.html]]>
  </system-out>
  <testcase classname="test.InventoryPageTest" name="verifyRemoveBtnTest" time="4.066"/>
  <system-out>
    <![CDATA[The Url is : https://www.saucedemo.com/inventory.html]]>
  </system-out>
  <testcase classname="test.InventoryPageTest" name="verifyProductTshirtTextTest" time="4.011"/>
  <system-out>
    <![CDATA[The product url is https://www.saucedemo.com/inventory-item.html?id=1]]>
  </system-out>
  <testcase classname="test.InventoryPageTest" name="verifyImgTest" time="4.429"/>
  <system-out>
    <![CDATA[Product Image is true]]>
  </system-out>
  <testcase classname="test.InventoryPageTest" name="verifyAddTOCart" time="3.705"/>
  <system-out>
    <![CDATA[Total count : 2]]>
  </system-out>
  <testcase classname="test.InventoryPageTest" name="verifyProductTextTest" time="3.380"/>
  <system-out>
    <![CDATA[Spelling of product text is : Products]]>
  </system-out>
  <testcase classname="test.InventoryPageTest" name="verifyProductLogoTest" time="3.734"/>
  <system-out>
    <![CDATA[Product lebal is : true]]>
  </system-out>
  <testcase classname="test.InventoryPageTest" name="verifySortListTest" time="3.586">
    <failure message="expected [Name (A to Z)
Name (Z to A)
Price (low to high)
Price (high to low)] but found [Name (A to Z) Name (Z to A) Price (low to high) Price (high to low)]" type="java.lang.AssertionError">
      <![CDATA[java.lang.AssertionError: expected [Name (A to Z)
Name (Z to A)
Price (low to high)
Price (high to low)] but found [Name (A to Z) Name (Z to A) Price (low to high) Price (high to low)]
at org.testng.Assert.fail(Assert.java:99)
at org.testng.Assert.failNotEquals(Assert.java:1037)
at org.testng.Assert.assertEqualsImpl(Assert.java:140)
at org.testng.Assert.assertEquals(Assert.java:122)
at org.testng.Assert.assertEquals(Assert.java:629)
at org.testng.Assert.assertEquals(Assert.java:639)
at test.InventoryPageTest.verifySortListTest(InventoryPageTest.java:115)
at java.base/jdk.internal.reflect.NativeMethodAccessorImpl.invoke0(Native Method)
at java.base/jdk.internal.reflect.NativeMethodAccessorImpl.invoke(NativeMethodAccessorImpl.java:78)
at java.base/jdk.internal.reflect.DelegatingMethodAccessorImpl.invoke(DelegatingMethodAccessorImpl.java:43)
at java.base/java.lang.reflect.Method.invoke(Method.java:567)
at org.testng.internal.MethodInvocationHelper.invokeMethod(MethodInvocationHelper.java:133)
at org.testng.internal.TestInvoker.invokeMethod(TestInvoker.java:598)
at org.testng.internal.TestInvoker.invokeTestMethod(TestInvoker.java:173)
at org.testng.internal.MethodRunner.runInSequence(MethodRunner.java:46)
at org.testng.internal.TestInvoker$MethodInvocationAgent.invoke(TestInvoker.java:824)
at org.testng.internal.TestInvoker.invokeTestMethods(TestInvoker.java:146)
at org.testng.internal.TestMethodWorker.invokeTestMethods(TestMethodWorker.java:146)
at org.testng.internal.TestMethodWorker.run(TestMethodWorker.java:128)
at java.base/java.util.ArrayList.forEach(ArrayList.java:1511)
at org.testng.TestRunner.privateRun(TestRunner.java:794)
at org.testng.TestRunner.run(TestRunner.java:596)
at org.testng.SuiteRunner.runTest(SuiteRunner.java:377)
at org.testng.SuiteRunner.runSequentially(SuiteRunner.java:371)
at org.testng.SuiteRunner.privateRun(SuiteRunner.java:332)
at org.testng.SuiteRunner.run(SuiteRunner.java:276)
at org.testng.SuiteRunnerWorker.runSuite(SuiteRunnerWorker.java:53)
at org.testng.SuiteRunnerWorker.run(SuiteRunnerWorker.java:96)
at org.testng.TestNG.runSuitesSequentially(TestNG.java:1212)
at org.testng.TestNG.runSuitesLocally(TestNG.java:1134)
at org.testng.TestNG.runSuites(TestNG.java:1063)
at org.testng.TestNG.run(TestNG.java:1031)
at org.testng.remote.AbstractRemoteTestNG.run(AbstractRemoteTestNG.java:115)
at org.testng.remote.RemoteTestNG.initAndRun(RemoteTestNG.java:251)
at org.testng.remote.RemoteTestNG.main(RemoteTestNG.java:77)
]]>
    </failure>
  </testcase> <!-- verifySortListTest -->
  <system-out/>
  <testcase classname="test.InventoryPageTest" name="verifyTwitterElementTest" time="11.325"/>
  <system-out>
    <![CDATA[Twitter Element is https://twitter.com/saucelabs]]>
  </system-out>
</testsuite> <!-- test.InventoryPageTest -->
